Using pre-set license
Built from '2021.3/staging' branch; Version is '2021.3.5f1 (40eb3a945986) revision 4254522'; Using compiler version '192829333'; Build Type 'Release'
OS: 'Windows 10  (10.0.19044) 64bit Professional' Language: 'en' Physical Memory: 16289 MB
BatchMode: 1, IsHumanControllingUs: 0, StartBugReporterOnCrash: 0, Is64bit: 1, IsPro: 1

COMMAND LINE ARGUMENTS:
C:\Program Files\Unity\Hub\Editor\2021.3.5f1\Editor\Unity.exe
-adb2
-batchMode
-noUpm
-name
AssetImportWorker0
-projectPath
E:/Unity/NewLuminaria
-logFile
Logs/AssetImportWorker0.log
-srvPort
49669
Successfully changed project path to: E:/Unity/NewLuminaria
E:/Unity/NewLuminaria
[UnityMemory] Configuration Parameters - Can be set up in boot.config
    "memorysetup-bucket-allocator-granularity=16"
    "memorysetup-bucket-allocator-bucket-count=8"
    "memorysetup-bucket-allocator-block-size=33554432"
    "memorysetup-bucket-allocator-block-count=8"
    "memorysetup-main-allocator-block-size=16777216"
    "memorysetup-thread-allocator-block-size=16777216"
    "memorysetup-gfx-main-allocator-block-size=16777216"
    "memorysetup-gfx-thread-allocator-block-size=16777216"
    "memorysetup-cache-allocator-block-size=4194304"
    "memorysetup-typetree-allocator-block-size=2097152"
    "memorysetup-profiler-bucket-allocator-granularity=16"
    "memorysetup-profiler-bucket-allocator-bucket-count=8"
    "memorysetup-profiler-bucket-allocator-block-size=33554432"
    "memorysetup-profiler-bucket-allocator-block-count=8"
    "memorysetup-profiler-allocator-block-size=16777216"
    "memorysetup-profiler-editor-allocator-block-size=1048576"
    "memorysetup-temp-allocator-size-main=16777216"
    "memorysetup-job-temp-allocator-block-size=2097152"
    "memorysetup-job-temp-allocator-block-size-background=1048576"
    "memorysetup-job-temp-allocator-reduction-small-platforms=262144"
    "memorysetup-temp-allocator-size-background-worker=32768"
    "memorysetup-temp-allocator-size-job-worker=262144"
    "memorysetup-temp-allocator-size-preload-manager=33554432"
    "memorysetup-temp-allocator-size-nav-mesh-worker=65536"
    "memorysetup-temp-allocator-size-audio-worker=65536"
    "memorysetup-temp-allocator-size-cloud-worker=32768"
    "memorysetup-temp-allocator-size-gi-baking-worker=262144"
    "memorysetup-temp-allocator-size-gfx=262144"
Refreshing native plugins compatible for Editor in 135.69 ms, found 3 plugins.
Preloading 0 native plugins for Editor in 0.00 ms.
Initialize engine version: 2021.3.5f1 (40eb3a945986)
[Subsystems] Discovering subsystems at path C:/Program Files/Unity/Hub/Editor/2021.3.5f1/Editor/Data/Resources/UnitySubsystems
[Subsystems] Discovering subsystems at path E:/Unity/NewLuminaria/Assets
GfxDevice: creating device client; threaded=0; jobified=0
Direct3D:
    Version:  Direct3D 11.0 [level 11.1]
    Renderer: Radeon RX 550X (ID=0x699f)
    Vendor:   ATI
    VRAM:     4075 MB
    Driver:   31.0.12044.30001
Initialize mono
Mono path[0] = 'C:/Program Files/Unity/Hub/Editor/2021.3.5f1/Editor/Data/Managed'
Mono path[1] = 'C:/Program Files/Unity/Hub/Editor/2021.3.5f1/Editor/Data/MonoBleedingEdge/lib/mono/unityjit-win32'
Mono config path = 'C:/Program Files/Unity/Hub/Editor/2021.3.5f1/Editor/Data/MonoBleedingEdge/etc'
Using monoOptions --debugger-agent=transport=dt_socket,embedding=1,server=y,suspend=n,address=127.0.0.1:56984
Begin MonoManager ReloadAssembly
Registering precompiled unity dll's ...
Register platform support module: C:/Program Files/Unity/Hub/Editor/2021.3.5f1/Editor/Data/PlaybackEngines/AndroidPlayer/UnityEditor.Android.Extensions.dll
Register platform support module: C:/Program Files/Unity/Hub/Editor/2021.3.5f1/Editor/Data/PlaybackEngines/WindowsStandaloneSupport/UnityEditor.WindowsStandalone.Extensions.dll
Registered in 0.014878 seconds.
Native extension for WindowsStandalone target not found
Native extension for Android target not found
Refreshing native plugins compatible for Editor in 155.22 ms, found 3 plugins.
Preloading 0 native plugins for Editor in 0.00 ms.
Mono: successfully reloaded assembly
- Completed reload, in  1.414 seconds
Domain Reload Profiling:
	ReloadAssembly (1415ms)
		BeginReloadAssembly (114ms)
			ExecutionOrderSort (0ms)
			DisableScriptedObjects (0ms)
			BackupInstance (0ms)
			ReleaseScriptingObjects (0ms)
			CreateAndSetChildDomain (1ms)
		EndReloadAssembly (1133ms)
			LoadAssemblies (110ms)
			RebuildTransferFunctionScriptingTraits (0ms)
			SetupTypeCache (159ms)
			ReleaseScriptCaches (0ms)
			RebuildScriptCaches (58ms)
			SetupLoadedEditorAssemblies (838ms)
				LogAssemblyErrors (0ms)
				InitializePlatformSupportModulesInManaged (237ms)
				SetLoadedEditorAssemblies (0ms)
				RefreshPlugins (155ms)
				BeforeProcessingInitializeOnLoad (3ms)
				ProcessInitializeOnLoadAttributes (278ms)
				ProcessInitializeOnLoadMethodAttributes (163ms)
				AfterProcessingInitializeOnLoad (0ms)
				EditorAssembliesLoaded (0ms)
			ExecutionOrderSort2 (0ms)
			AwakeInstancesAfterBackupRestoration (0ms)
Platform modules already initialized, skipping
Registering precompiled user dll's ...
Registered in 0.008993 seconds.
Begin MonoManager ReloadAssembly
Symbol file LoadedFromMemory doesn't match image E:\Unity\NewLuminaria\Library\PackageCache\com.unity.visualscripting@1.7.8\Editor\VisualScripting.Core\Dependencies\YamlDotNet\Unity.VisualScripting.YamlDotNet.dll
Symbol file LoadedFromMemory doesn't match image E:\Unity\NewLuminaria\Library\PackageCache\com.unity.visualscripting@1.7.8\Editor\VisualScripting.Core\Dependencies\DotNetZip\Unity.VisualScripting.IonicZip.dll
Native extension for WindowsStandalone target not found
Native extension for Android target not found
Refreshing native plugins compatible for Editor in 0.93 ms, found 3 plugins.
Preloading 0 native plugins for Editor in 0.00 ms.
Mono: successfully reloaded assembly
- Completed reload, in  2.911 seconds
Domain Reload Profiling:
	ReloadAssembly (2912ms)
		BeginReloadAssembly (429ms)
			ExecutionOrderSort (0ms)
			DisableScriptedObjects (9ms)
			BackupInstance (0ms)
			ReleaseScriptingObjects (0ms)
			CreateAndSetChildDomain (156ms)
		EndReloadAssembly (2171ms)
			LoadAssemblies (252ms)
			RebuildTransferFunctionScriptingTraits (0ms)
			SetupTypeCache (953ms)
			ReleaseScriptCaches (1ms)
			RebuildScriptCaches (248ms)
			SetupLoadedEditorAssemblies (726ms)
				LogAssemblyErrors (0ms)
				InitializePlatformSupportModulesInManaged (29ms)
				SetLoadedEditorAssemblies (1ms)
				RefreshPlugins (1ms)
				BeforeProcessingInitializeOnLoad (135ms)
				ProcessInitializeOnLoadAttributes (470ms)
				ProcessInitializeOnLoadMethodAttributes (68ms)
				AfterProcessingInitializeOnLoad (22ms)
				EditorAssembliesLoaded (0ms)
			ExecutionOrderSort2 (0ms)
			AwakeInstancesAfterBackupRestoration (16ms)
Platform modules already initialized, skipping
========================================================================
Worker process is ready to serve import requests
Launched and connected shader compiler UnityShaderCompiler.exe after 0.28 seconds
Refreshing native plugins compatible for Editor in 2.12 ms, found 3 plugins.
Preloading 0 native plugins for Editor in 0.00 ms.
Unloading 3538 Unused Serialized files (Serialized files now loaded: 0)
Unloading 39 unused Assets / (1.3 MB). Loaded Objects now: 3988.
Memory consumption went from 130.7 MB to 129.4 MB.
Total: 8952.910500 ms (FindLiveObjects: 1.008100 ms CreateObjectMapping: 1.229300 ms MarkObjects: 8950.279700 ms  DeleteObjects: 0.391400 ms)

AssetImportParameters requested are different than current active one (requested -> active):
  custom:video-decoder-ogg-theora: a1e56fd34408186e4bbccfd4996cb3dc -> 
  custom:container-muxer-webm: aa71ff27fc2769a1b78a27578f13a17b -> 
  custom:container-demuxer-webm: 4f35f7cbe854078d1ac9338744f61a02 -> 
  custom:video-encoder-webm-vp8: eb34c28f22e8b96e1ab97ce403110664 -> 
  custom:audio-encoder-webm-vorbis: bf7c407c2cedff20999df2af8eb42d56 -> 
  custom:framework-win-MediaFoundation: 216162199b28c13a410421893ffa2e32 -> 
  custom:container-demuxer-ogg: 62fdf1f143b41e24485cea50d1cbac27 -> 
  custom:video-decoder-webm-vp8: 9c59270c3fd7afecdb556c50c9e8de78 -> 
  custom:audio-decoder-ogg-vorbis: bf7c407c2cedff20999df2af8eb42d56 -> 
========================================================================
Received Import Request.
  Time since last request: 423406.151046 seconds.
  path: Assets/Assets1 1/Scripts/KillerAbilityController.cs
  artifactKey: Guid(44d6c4dd931bec7409969bcfe92121ab) Importer(815301076,1909f56bfc062723c751e8b465ee728b)
Start importing Assets/Assets1 1/Scripts/KillerAbilityController.cs using Guid(44d6c4dd931bec7409969bcfe92121ab) Importer(815301076,1909f56bfc062723c751e8b465ee728b)  -> (artifact id: 'fd5c80d4a65aac4700d42e514156737f') in 36.909812 seconds 
========================================================================
Received Import Request.
  Time since last request: 24.349827 seconds.
  path: Assets/Assets1 1/Scripts/KillerAbilityController.cs
  artifactKey: Guid(44d6c4dd931bec7409969bcfe92121ab) Importer(815301076,1909f56bfc062723c751e8b465ee728b)
Start importing Assets/Assets1 1/Scripts/KillerAbilityController.cs using Guid(44d6c4dd931bec7409969bcfe92121ab) Importer(815301076,1909f56bfc062723c751e8b465ee728b)  -> (artifact id: '86941cfa8e9c16d0d8c23fea69a9e2d8') in 0.030403 seconds 
========================================================================
Received Import Request.
  Time since last request: 45.714847 seconds.
  path: Assets/Assets1 1/Scripts/KillerAbilityController.cs
  artifactKey: Guid(44d6c4dd931bec7409969bcfe92121ab) Importer(815301076,1909f56bfc062723c751e8b465ee728b)
Start importing Assets/Assets1 1/Scripts/KillerAbilityController.cs using Guid(44d6c4dd931bec7409969bcfe92121ab) Importer(815301076,1909f56bfc062723c751e8b465ee728b)  -> (artifact id: '7e0012ea70b95505196cc05e8fbe41d6') in 0.139116 seconds 
========================================================================
Received Import Request.
  Time since last request: 242.948216 seconds.
  path: Assets/Assets1 1/Scripts/KillerAbilityController.cs
  artifactKey: Guid(44d6c4dd931bec7409969bcfe92121ab) Importer(815301076,1909f56bfc062723c751e8b465ee728b)
Start importing Assets/Assets1 1/Scripts/KillerAbilityController.cs using Guid(44d6c4dd931bec7409969bcfe92121ab) Importer(815301076,1909f56bfc062723c751e8b465ee728b)  -> (artifact id: '60553e7d2490ed794794db2288680013') in 0.113309 seconds 
========================================================================
Received Import Request.
  Time since last request: 204.460329 seconds.
  path: Assets/Assets1 1/Scripts/KillerAbilityController.cs
  artifactKey: Guid(44d6c4dd931bec7409969bcfe92121ab) Importer(815301076,1909f56bfc062723c751e8b465ee728b)
Start importing Assets/Assets1 1/Scripts/KillerAbilityController.cs using Guid(44d6c4dd931bec7409969bcfe92121ab) Importer(815301076,1909f56bfc062723c751e8b465ee728b)  -> (artifact id: '20a7ed6047a60d880c3d2f536487dba7') in 0.015309 seconds 
========================================================================
Received Import Request.
  Time since last request: 112.770587 seconds.
  path: Assets/Assets1 1/Scripts/KillerAbilityController.cs
  artifactKey: Guid(44d6c4dd931bec7409969bcfe92121ab) Importer(815301076,1909f56bfc062723c751e8b465ee728b)
Start importing Assets/Assets1 1/Scripts/KillerAbilityController.cs using Guid(44d6c4dd931bec7409969bcfe92121ab) Importer(815301076,1909f56bfc062723c751e8b465ee728b)  -> (artifact id: 'f09de01fbd77218c29dbe24d7982ef74') in 0.053061 seconds 
========================================================================
Received Import Request.
  Time since last request: 61.859531 seconds.
  path: Assets/Assets1 1/Scripts/KillerAbilityController.cs
  artifactKey: Guid(44d6c4dd931bec7409969bcfe92121ab) Importer(815301076,1909f56bfc062723c751e8b465ee728b)
Start importing Assets/Assets1 1/Scripts/KillerAbilityController.cs using Guid(44d6c4dd931bec7409969bcfe92121ab) Importer(815301076,1909f56bfc062723c751e8b465ee728b)  -> (artifact id: '52b7ae759341a9db9734bb66f8a3647b') in 0.311321 seconds 
========================================================================
Received Import Request.
  Time since last request: 110.668717 seconds.
  path: Assets/Assets1 1/Scripts/KillerAbilityController.cs
  artifactKey: Guid(44d6c4dd931bec7409969bcfe92121ab) Importer(815301076,1909f56bfc062723c751e8b465ee728b)
Start importing Assets/Assets1 1/Scripts/KillerAbilityController.cs using Guid(44d6c4dd931bec7409969bcfe92121ab) Importer(815301076,1909f56bfc062723c751e8b465ee728b)  -> (artifact id: 'd93ff7e96a613ca65050e95b8832fa76') in 0.021481 seconds 
========================================================================
Received Import Request.
  Time since last request: 9.927059 seconds.
  path: Assets/Assets1 1/Scripts/KillerAbilityController.cs
  artifactKey: Guid(44d6c4dd931bec7409969bcfe92121ab) Importer(815301076,1909f56bfc062723c751e8b465ee728b)
Start importing Assets/Assets1 1/Scripts/KillerAbilityController.cs using Guid(44d6c4dd931bec7409969bcfe92121ab) Importer(815301076,1909f56bfc062723c751e8b465ee728b)  -> (artifact id: 'd612faa4da94f5a664525fabba35f979') in 0.057387 seconds 
========================================================================
Received Import Request.
  Time since last request: 6.062731 seconds.
  path: Assets/Assets1 1/Scripts/KillerAbilityController.cs
  artifactKey: Guid(44d6c4dd931bec7409969bcfe92121ab) Importer(815301076,1909f56bfc062723c751e8b465ee728b)
Start importing Assets/Assets1 1/Scripts/KillerAbilityController.cs using Guid(44d6c4dd931bec7409969bcfe92121ab) Importer(815301076,1909f56bfc062723c751e8b465ee728b)  -> (artifact id: 'eda6da44dc06cb552b6638619a315968') in 0.061584 seconds 
========================================================================
Received Import Request.
  Time since last request: 57.811995 seconds.
  path: Assets/Assets1 1/Scripts/KillerAbilityController.cs
  artifactKey: Guid(44d6c4dd931bec7409969bcfe92121ab) Importer(815301076,1909f56bfc062723c751e8b465ee728b)
Start importing Assets/Assets1 1/Scripts/KillerAbilityController.cs using Guid(44d6c4dd931bec7409969bcfe92121ab) Importer(815301076,1909f56bfc062723c751e8b465ee728b)  -> (artifact id: 'ce4237f01bb0d4aaa81613e1c19cc101') in 0.129899 seconds 
========================================================================
Received Import Request.
  Time since last request: 46.858236 seconds.
  path: Assets/Assets1 1/Scripts/KillerAbilityController.cs
  artifactKey: Guid(44d6c4dd931bec7409969bcfe92121ab) Importer(815301076,1909f56bfc062723c751e8b465ee728b)
Start importing Assets/Assets1 1/Scripts/KillerAbilityController.cs using Guid(44d6c4dd931bec7409969bcfe92121ab) Importer(815301076,1909f56bfc062723c751e8b465ee728b)  -> (artifact id: 'c4980c3d21294acde6530539303c2e1a') in 0.128208 seconds 
========================================================================
Received Import Request.
  Time since last request: 19.892332 seconds.
  path: Assets/Assets1 1/Scripts/KillerAbilityController.cs
  artifactKey: Guid(44d6c4dd931bec7409969bcfe92121ab) Importer(815301076,1909f56bfc062723c751e8b465ee728b)
Start importing Assets/Assets1 1/Scripts/KillerAbilityController.cs using Guid(44d6c4dd931bec7409969bcfe92121ab) Importer(815301076,1909f56bfc062723c751e8b465ee728b)  -> (artifact id: '75236acd5a8e8aada8e6ad1ee0c6f364') in 0.135680 seconds 
========================================================================
Received Import Request.
  Time since last request: 12.249376 seconds.
  path: Assets/Assets1 1/Scripts/KillerAbilityController.cs
  artifactKey: Guid(44d6c4dd931bec7409969bcfe92121ab) Importer(815301076,1909f56bfc062723c751e8b465ee728b)
Start importing Assets/Assets1 1/Scripts/KillerAbilityController.cs using Guid(44d6c4dd931bec7409969bcfe92121ab) Importer(815301076,1909f56bfc062723c751e8b465ee728b)  -> (artifact id: '93eb942855f4f43db4180561b90405c0') in 0.169839 seconds 
========================================================================
Received Import Request.
  Time since last request: 23.157023 seconds.
  path: Assets/Assets1 1/Scripts/KillerAbilityController.cs
  artifactKey: Guid(44d6c4dd931bec7409969bcfe92121ab) Importer(815301076,1909f56bfc062723c751e8b465ee728b)
Start importing Assets/Assets1 1/Scripts/KillerAbilityController.cs using Guid(44d6c4dd931bec7409969bcfe92121ab) Importer(815301076,1909f56bfc062723c751e8b465ee728b)  -> (artifact id: 'd5ca110e6070c476588ab33cc8cee6f5') in 0.152497 seconds 
========================================================================
Received Import Request.
  Time since last request: 57.750343 seconds.
  path: Assets/Assets1 1/Scripts/KillerAbilityController.cs
  artifactKey: Guid(44d6c4dd931bec7409969bcfe92121ab) Importer(815301076,1909f56bfc062723c751e8b465ee728b)
Start importing Assets/Assets1 1/Scripts/KillerAbilityController.cs using Guid(44d6c4dd931bec7409969bcfe92121ab) Importer(815301076,1909f56bfc062723c751e8b465ee728b)  -> (artifact id: '04b31634d599ee1a4ca3b488ae695cf7') in 0.117627 seconds 
========================================================================
Received Import Request.
  Time since last request: 69.715773 seconds.
  path: Assets/Assets1 1/Scripts/KillerAbilityController.cs
  artifactKey: Guid(44d6c4dd931bec7409969bcfe92121ab) Importer(815301076,1909f56bfc062723c751e8b465ee728b)
Start importing Assets/Assets1 1/Scripts/KillerAbilityController.cs using Guid(44d6c4dd931bec7409969bcfe92121ab) Importer(815301076,1909f56bfc062723c751e8b465ee728b)  -> (artifact id: '7c04bb9f029735556e59d0c0e16ae89c') in 0.024334 seconds 
========================================================================
Received Import Request.
  Time since last request: 30.038003 seconds.
  path: Assets/Assets1 1/Scripts/KillerAbilityController.cs
  artifactKey: Guid(44d6c4dd931bec7409969bcfe92121ab) Importer(815301076,1909f56bfc062723c751e8b465ee728b)
Start importing Assets/Assets1 1/Scripts/KillerAbilityController.cs using Guid(44d6c4dd931bec7409969bcfe92121ab) Importer(815301076,1909f56bfc062723c751e8b465ee728b)  -> (artifact id: '606ba1914e99c32a22b0a8b959f7b5da') in 0.141760 seconds 
========================================================================
Received Import Request.
  Time since last request: 59.686250 seconds.
  path: Assets/Assets1 1/Scripts/KillerAbilityController.cs
  artifactKey: Guid(44d6c4dd931bec7409969bcfe92121ab) Importer(815301076,1909f56bfc062723c751e8b465ee728b)
Start importing Assets/Assets1 1/Scripts/KillerAbilityController.cs using Guid(44d6c4dd931bec7409969bcfe92121ab) Importer(815301076,1909f56bfc062723c751e8b465ee728b)  -> (artifact id: '8b495b9135549504d19958bd556cc149') in 0.186869 seconds 
========================================================================
Received Import Request.
  Time since last request: 236.469382 seconds.
  path: Assets/Assets1 1/Scripts/KillerAbilityController.cs
  artifactKey: Guid(44d6c4dd931bec7409969bcfe92121ab) Importer(815301076,1909f56bfc062723c751e8b465ee728b)
Start importing Assets/Assets1 1/Scripts/KillerAbilityController.cs using Guid(44d6c4dd931bec7409969bcfe92121ab) Importer(815301076,1909f56bfc062723c751e8b465ee728b)  -> (artifact id: 'a43ba74d47ac6e551b75f33536343f20') in 0.076927 seconds 
========================================================================
Received Import Request.
  Time since last request: 55.960231 seconds.
  path: Assets/Assets1 1/Scripts/KillerAbilityController.cs
  artifactKey: Guid(44d6c4dd931bec7409969bcfe92121ab) Importer(815301076,1909f56bfc062723c751e8b465ee728b)
Start importing Assets/Assets1 1/Scripts/KillerAbilityController.cs using Guid(44d6c4dd931bec7409969bcfe92121ab) Importer(815301076,1909f56bfc062723c751e8b465ee728b)  -> (artifact id: '73d93d60956cf67dca05b251d1da0904') in 0.498425 seconds 
========================================================================
Received Import Request.
  Time since last request: 67.434053 seconds.
  path: Assets/Assets1 1/Scripts/KillerAbilityController.cs
  artifactKey: Guid(44d6c4dd931bec7409969bcfe92121ab) Importer(815301076,1909f56bfc062723c751e8b465ee728b)
Start importing Assets/Assets1 1/Scripts/KillerAbilityController.cs using Guid(44d6c4dd931bec7409969bcfe92121ab) Importer(815301076,1909f56bfc062723c751e8b465ee728b)  -> (artifact id: 'ee525a79e5887b19db90330a1c5edc2a') in 0.086767 seconds 
========================================================================
Received Import Request.
  Time since last request: 66.432904 seconds.
  path: Assets/Assets1 1/Scripts/KillerAbilityController.cs
  artifactKey: Guid(44d6c4dd931bec7409969bcfe92121ab) Importer(815301076,1909f56bfc062723c751e8b465ee728b)
Start importing Assets/Assets1 1/Scripts/KillerAbilityController.cs using Guid(44d6c4dd931bec7409969bcfe92121ab) Importer(815301076,1909f56bfc062723c751e8b465ee728b)  -> (artifact id: '7689c819caf3d41cfdb892feb4514b70') in 0.070715 seconds 
========================================================================
Received Import Request.
  Time since last request: 169.741706 seconds.
  path: Assets/Assets1 1/Scripts/KillerAbilityController.cs
  artifactKey: Guid(44d6c4dd931bec7409969bcfe92121ab) Importer(815301076,1909f56bfc062723c751e8b465ee728b)
Start importing Assets/Assets1 1/Scripts/KillerAbilityController.cs using Guid(44d6c4dd931bec7409969bcfe92121ab) Importer(815301076,1909f56bfc062723c751e8b465ee728b)  -> (artifact id: '9314a3fd96a062fbf1e8c6f538d24d29') in 0.064890 seconds 
========================================================================
Received Import Request.
  Time since last request: 63.401746 seconds.
  path: Assets/Assets1 1/Scripts/KillerAbilityController.cs
  artifactKey: Guid(44d6c4dd931bec7409969bcfe92121ab) Importer(815301076,1909f56bfc062723c751e8b465ee728b)
Start importing Assets/Assets1 1/Scripts/KillerAbilityController.cs using Guid(44d6c4dd931bec7409969bcfe92121ab) Importer(815301076,1909f56bfc062723c751e8b465ee728b)  -> (artifact id: 'a86ee3a85c39f89ce0bac406390c7273') in 0.154378 seconds 
========================================================================
Received Import Request.
  Time since last request: 1.467067 seconds.
  path: Assets/Assets1 1/Scripts/KillerAbilityController.cs
  artifactKey: Guid(44d6c4dd931bec7409969bcfe92121ab) Importer(815301076,1909f56bfc062723c751e8b465ee728b)
Start importing Assets/Assets1 1/Scripts/KillerAbilityController.cs using Guid(44d6c4dd931bec7409969bcfe92121ab) Importer(815301076,1909f56bfc062723c751e8b465ee728b)  -> (artifact id: 'a52895680394e57960ed6f69694b7675') in 0.059087 seconds 
========================================================================
Received Import Request.
  Time since last request: 47.846153 seconds.
  path: Assets/Assets1 1/Scripts/KillerAbilityController.cs
  artifactKey: Guid(44d6c4dd931bec7409969bcfe92121ab) Importer(815301076,1909f56bfc062723c751e8b465ee728b)
Start importing Assets/Assets1 1/Scripts/KillerAbilityController.cs using Guid(44d6c4dd931bec7409969bcfe92121ab) Importer(815301076,1909f56bfc062723c751e8b465ee728b)  -> (artifact id: '8092362a1ff6f4b29442da81c927d474') in 0.035612 seconds 
========================================================================
Received Import Request.
  Time since last request: 11.374947 seconds.
  path: Assets/Assets1 1/Scripts/KillerAbilityController.cs
  artifactKey: Guid(44d6c4dd931bec7409969bcfe92121ab) Importer(815301076,1909f56bfc062723c751e8b465ee728b)
Start importing Assets/Assets1 1/Scripts/KillerAbilityController.cs using Guid(44d6c4dd931bec7409969bcfe92121ab) Importer(815301076,1909f56bfc062723c751e8b465ee728b)  -> (artifact id: 'f4d3918174cf7b844356539dd7c2abbd') in 0.037125 seconds 
========================================================================
Received Import Request.
  Time since last request: 348.069655 seconds.
  path: Assets/Assets1 1/Scripts/KillerAbilityController.cs
  artifactKey: Guid(44d6c4dd931bec7409969bcfe92121ab) Importer(815301076,1909f56bfc062723c751e8b465ee728b)
Start importing Assets/Assets1 1/Scripts/KillerAbilityController.cs using Guid(44d6c4dd931bec7409969bcfe92121ab) Importer(815301076,1909f56bfc062723c751e8b465ee728b)  -> (artifact id: '9e097796ad8424bdee3b515807a0c83b') in 0.016741 seconds 
========================================================================
Received Prepare
Registering precompiled user dll's ...
Registered in 0.008074 seconds.
Begin MonoManager ReloadAssembly
Symbol file LoadedFromMemory doesn't match image E:\Unity\NewLuminaria\Library\PackageCache\com.unity.visualscripting@1.7.8\Editor\VisualScripting.Core\Dependencies\YamlDotNet\Unity.VisualScripting.YamlDotNet.dll
Symbol file LoadedFromMemory doesn't match image E:\Unity\NewLuminaria\Library\PackageCache\com.unity.visualscripting@1.7.8\Editor\VisualScripting.Core\Dependencies\DotNetZip\Unity.VisualScripting.IonicZip.dll
Native extension for WindowsStandalone target not found
Native extension for Android target not found
Refreshing native plugins compatible for Editor in 0.97 ms, found 3 plugins.
Preloading 0 native plugins for Editor in 0.00 ms.
Mono: successfully reloaded assembly
- Completed reload, in  1.829 seconds
Domain Reload Profiling:
	ReloadAssembly (1830ms)
		BeginReloadAssembly (270ms)
			ExecutionOrderSort (0ms)
			DisableScriptedObjects (15ms)
			BackupInstance (0ms)
			ReleaseScriptingObjects (0ms)
			CreateAndSetChildDomain (91ms)
		EndReloadAssembly (1396ms)
			LoadAssemblies (173ms)
			RebuildTransferFunctionScriptingTraits (0ms)
			SetupTypeCache (608ms)
			ReleaseScriptCaches (4ms)
			RebuildScriptCaches (57ms)
			SetupLoadedEditorAssemblies (496ms)
				LogAssemblyErrors (0ms)
				InitializePlatformSupportModulesInManaged (41ms)
				SetLoadedEditorAssemblies (1ms)
				RefreshPlugins (1ms)
				BeforeProcessingInitializeOnLoad (103ms)
				ProcessInitializeOnLoadAttributes (288ms)
				ProcessInitializeOnLoadMethodAttributes (39ms)
				AfterProcessingInitializeOnLoad (22ms)
				EditorAssembliesLoaded (0ms)
			ExecutionOrderSort2 (0ms)
			AwakeInstancesAfterBackupRestoration (14ms)
Platform modules already initialized, skipping
Refreshing native plugins compatible for Editor in 4.11 ms, found 3 plugins.
Preloading 0 native plugins for Editor in 0.00 ms.
Unloading 3493 Unused Serialized files (Serialized files now loaded: 0)
Unloading 32 unused Assets / (1.3 MB). Loaded Objects now: 3991.
Memory consumption went from 126.6 MB to 125.3 MB.
Total: 4.999400 ms (FindLiveObjects: 0.338000 ms CreateObjectMapping: 0.386600 ms MarkObjects: 3.953200 ms  DeleteObjects: 0.319900 ms)

AssetImportParameters requested are different than current active one (requested -> active):
  custom:video-decoder-ogg-theora: a1e56fd34408186e4bbccfd4996cb3dc -> 
  custom:container-muxer-webm: aa71ff27fc2769a1b78a27578f13a17b -> 
  custom:container-demuxer-webm: 4f35f7cbe854078d1ac9338744f61a02 -> 
  custom:video-encoder-webm-vp8: eb34c28f22e8b96e1ab97ce403110664 -> 
  custom:audio-encoder-webm-vorbis: bf7c407c2cedff20999df2af8eb42d56 -> 
  custom:framework-win-MediaFoundation: 216162199b28c13a410421893ffa2e32 -> 
  custom:container-demuxer-ogg: 62fdf1f143b41e24485cea50d1cbac27 -> 
  custom:video-decoder-webm-vp8: 9c59270c3fd7afecdb556c50c9e8de78 -> 
  custom:audio-decoder-ogg-vorbis: bf7c407c2cedff20999df2af8eb42d56 -> 
========================================================================
Received Import Request.
  Time since last request: 79.396282 seconds.
  path: Assets/Assets1 1/Scripts/PowerManager.cs
  artifactKey: Guid(5b15040a0481a144282f3b3b5966567c) Importer(815301076,1909f56bfc062723c751e8b465ee728b)
Start importing Assets/Assets1 1/Scripts/PowerManager.cs using Guid(5b15040a0481a144282f3b3b5966567c) Importer(815301076,1909f56bfc062723c751e8b465ee728b)  -> (artifact id: '1f1a78ee13b055bb99bf00b0c7109df4') in 0.024393 seconds 
========================================================================
Received Prepare
Registering precompiled user dll's ...
Registered in 0.011340 seconds.
Begin MonoManager ReloadAssembly
Symbol file LoadedFromMemory doesn't match image E:\Unity\NewLuminaria\Library\PackageCache\com.unity.visualscripting@1.7.8\Editor\VisualScripting.Core\Dependencies\YamlDotNet\Unity.VisualScripting.YamlDotNet.dll
Symbol file LoadedFromMemory doesn't match image E:\Unity\NewLuminaria\Library\PackageCache\com.unity.visualscripting@1.7.8\Editor\VisualScripting.Core\Dependencies\DotNetZip\Unity.VisualScripting.IonicZip.dll
Native extension for WindowsStandalone target not found
Native extension for Android target not found
Refreshing native plugins compatible for Editor in 0.83 ms, found 3 plugins.
Preloading 0 native plugins for Editor in 0.00 ms.
Mono: successfully reloaded assembly
- Completed reload, in  3.344 seconds
Domain Reload Profiling:
	ReloadAssembly (3347ms)
		BeginReloadAssembly (401ms)
			ExecutionOrderSort (0ms)
			DisableScriptedObjects (28ms)
			BackupInstance (0ms)
			ReleaseScriptingObjects (0ms)
			CreateAndSetChildDomain (133ms)
		EndReloadAssembly (2711ms)
			LoadAssemblies (192ms)
			RebuildTransferFunctionScriptingTraits (0ms)
			SetupTypeCache (577ms)
			ReleaseScriptCaches (3ms)
			RebuildScriptCaches (94ms)
			SetupLoadedEditorAssemblies (786ms)
				LogAssemblyErrors (0ms)
				InitializePlatformSupportModulesInManaged (51ms)
				SetLoadedEditorAssemblies (1ms)
				RefreshPlugins (1ms)
				BeforeProcessingInitializeOnLoad (137ms)
				ProcessInitializeOnLoadAttributes (438ms)
				ProcessInitializeOnLoadMethodAttributes (123ms)
				AfterProcessingInitializeOnLoad (34ms)
				EditorAssembliesLoaded (1ms)
			ExecutionOrderSort2 (0ms)
			AwakeInstancesAfterBackupRestoration (60ms)
Platform modules already initialized, skipping
Refreshing native plugins compatible for Editor in 2.21 ms, found 3 plugins.
Preloading 0 native plugins for Editor in 0.00 ms.
Unloading 3493 Unused Serialized files (Serialized files now loaded: 0)
Unloading 32 unused Assets / (1.3 MB). Loaded Objects now: 3994.
Memory consumption went from 126.7 MB to 125.4 MB.
Total: 6.455500 ms (FindLiveObjects: 0.471400 ms CreateObjectMapping: 0.430200 ms MarkObjects: 5.001800 ms  DeleteObjects: 0.550000 ms)

AssetImportParameters requested are different than current active one (requested -> active):
  custom:video-decoder-ogg-theora: a1e56fd34408186e4bbccfd4996cb3dc -> 
  custom:container-muxer-webm: aa71ff27fc2769a1b78a27578f13a17b -> 
  custom:container-demuxer-webm: 4f35f7cbe854078d1ac9338744f61a02 -> 
  custom:video-encoder-webm-vp8: eb34c28f22e8b96e1ab97ce403110664 -> 
  custom:audio-encoder-webm-vorbis: bf7c407c2cedff20999df2af8eb42d56 -> 
  custom:framework-win-MediaFoundation: 216162199b28c13a410421893ffa2e32 -> 
  custom:container-demuxer-ogg: 62fdf1f143b41e24485cea50d1cbac27 -> 
  custom:video-decoder-webm-vp8: 9c59270c3fd7afecdb556c50c9e8de78 -> 
  custom:audio-decoder-ogg-vorbis: bf7c407c2cedff20999df2af8eb42d56 -> 
========================================================================
Received Prepare
Registering precompiled user dll's ...
Registered in 0.005859 seconds.
Begin MonoManager ReloadAssembly
Symbol file LoadedFromMemory doesn't match image E:\Unity\NewLuminaria\Library\PackageCache\com.unity.visualscripting@1.7.8\Editor\VisualScripting.Core\Dependencies\YamlDotNet\Unity.VisualScripting.YamlDotNet.dll
Symbol file LoadedFromMemory doesn't match image E:\Unity\NewLuminaria\Library\PackageCache\com.unity.visualscripting@1.7.8\Editor\VisualScripting.Core\Dependencies\DotNetZip\Unity.VisualScripting.IonicZip.dll
Native extension for WindowsStandalone target not found
Native extension for Android target not found
Refreshing native plugins compatible for Editor in 0.81 ms, found 3 plugins.
Preloading 0 native plugins for Editor in 0.00 ms.
Mono: successfully reloaded assembly
- Completed reload, in  1.496 seconds
Domain Reload Profiling:
	ReloadAssembly (1497ms)
		BeginReloadAssembly (227ms)
			ExecutionOrderSort (0ms)
			DisableScriptedObjects (9ms)
			BackupInstance (0ms)
			ReleaseScriptingObjects (0ms)
			CreateAndSetChildDomain (65ms)
		EndReloadAssembly (1100ms)
			LoadAssemblies (155ms)
			RebuildTransferFunctionScriptingTraits (0ms)
			SetupTypeCache (373ms)
			ReleaseScriptCaches (2ms)
			RebuildScriptCaches (55ms)
			SetupLoadedEditorAssemblies (473ms)
				LogAssemblyErrors (0ms)
				InitializePlatformSupportModulesInManaged (32ms)
				SetLoadedEditorAssemblies (1ms)
				RefreshPlugins (1ms)
				BeforeProcessingInitializeOnLoad (98ms)
				ProcessInitializeOnLoadAttributes (279ms)
				ProcessInitializeOnLoadMethodAttributes (45ms)
				AfterProcessingInitializeOnLoad (16ms)
				EditorAssembliesLoaded (0ms)
			ExecutionOrderSort2 (0ms)
			AwakeInstancesAfterBackupRestoration (14ms)
Platform modules already initialized, skipping
Refreshing native plugins compatible for Editor in 2.58 ms, found 3 plugins.
Preloading 0 native plugins for Editor in 0.00 ms.
Unloading 3493 Unused Serialized files (Serialized files now loaded: 0)
Unloading 32 unused Assets / (1.3 MB). Loaded Objects now: 3997.
Memory consumption went from 126.7 MB to 125.4 MB.
Total: 4.503100 ms (FindLiveObjects: 0.376800 ms CreateObjectMapping: 0.278500 ms MarkObjects: 3.517700 ms  DeleteObjects: 0.328700 ms)

AssetImportParameters requested are different than current active one (requested -> active):
  custom:video-decoder-ogg-theora: a1e56fd34408186e4bbccfd4996cb3dc -> 
  custom:container-muxer-webm: aa71ff27fc2769a1b78a27578f13a17b -> 
  custom:container-demuxer-webm: 4f35f7cbe854078d1ac9338744f61a02 -> 
  custom:video-encoder-webm-vp8: eb34c28f22e8b96e1ab97ce403110664 -> 
  custom:audio-encoder-webm-vorbis: bf7c407c2cedff20999df2af8eb42d56 -> 
  custom:framework-win-MediaFoundation: 216162199b28c13a410421893ffa2e32 -> 
  custom:container-demuxer-ogg: 62fdf1f143b41e24485cea50d1cbac27 -> 
  custom:video-decoder-webm-vp8: 9c59270c3fd7afecdb556c50c9e8de78 -> 
  custom:audio-decoder-ogg-vorbis: bf7c407c2cedff20999df2af8eb42d56 -> 
========================================================================
Received Import Request.
  Time since last request: 662.152258 seconds.
  path: Assets/Assets1 1/Scripts/PowerManager.cs
  artifactKey: Guid(5b15040a0481a144282f3b3b5966567c) Importer(815301076,1909f56bfc062723c751e8b465ee728b)
Start importing Assets/Assets1 1/Scripts/PowerManager.cs using Guid(5b15040a0481a144282f3b3b5966567c) Importer(815301076,1909f56bfc062723c751e8b465ee728b)  -> (artifact id: 'a11731a6c9aa8f6161136c0c4973d5ba') in 0.212526 seconds 
========================================================================
Received Prepare
Registering precompiled user dll's ...
Registered in 0.087615 seconds.
Begin MonoManager ReloadAssembly
Symbol file LoadedFromMemory doesn't match image E:\Unity\NewLuminaria\Library\PackageCache\com.unity.visualscripting@1.7.8\Editor\VisualScripting.Core\Dependencies\YamlDotNet\Unity.VisualScripting.YamlDotNet.dll
Symbol file LoadedFromMemory doesn't match image E:\Unity\NewLuminaria\Library\PackageCache\com.unity.visualscripting@1.7.8\Editor\VisualScripting.Core\Dependencies\DotNetZip\Unity.VisualScripting.IonicZip.dll
Native extension for WindowsStandalone target not found
Native extension for Android target not found
Refreshing native plugins compatible for Editor in 18.28 ms, found 3 plugins.
Preloading 0 native plugins for Editor in 0.00 ms.
Mono: successfully reloaded assembly
- Completed reload, in 10.886 seconds
Domain Reload Profiling:
	ReloadAssembly (10887ms)
		BeginReloadAssembly (536ms)
			ExecutionOrderSort (0ms)
			DisableScriptedObjects (24ms)
			BackupInstance (0ms)
			ReleaseScriptingObjects (0ms)
			CreateAndSetChildDomain (102ms)
		EndReloadAssembly (9984ms)
			LoadAssemblies (395ms)
			RebuildTransferFunctionScriptingTraits (0ms)
			SetupTypeCache (5787ms)
			ReleaseScriptCaches (3ms)
			RebuildScriptCaches (318ms)
			SetupLoadedEditorAssemblies (1956ms)
				LogAssemblyErrors (0ms)
				InitializePlatformSupportModulesInManaged (800ms)
				SetLoadedEditorAssemblies (24ms)
				RefreshPlugins (19ms)
				BeforeProcessingInitializeOnLoad (354ms)
				ProcessInitializeOnLoadAttributes (645ms)
				ProcessInitializeOnLoadMethodAttributes (85ms)
				AfterProcessingInitializeOnLoad (25ms)
				EditorAssembliesLoaded (4ms)
			ExecutionOrderSort2 (0ms)
			AwakeInstancesAfterBackupRestoration (20ms)
Platform modules already initialized, skipping
Refreshing native plugins compatible for Editor in 6.46 ms, found 3 plugins.
Preloading 0 native plugins for Editor in 0.00 ms.
Unloading 3493 Unused Serialized files (Serialized files now loaded: 0)
Unloading 32 unused Assets / (1.3 MB). Loaded Objects now: 4000.
Memory consumption went from 126.7 MB to 125.3 MB.
Total: 83.338700 ms (FindLiveObjects: 0.350900 ms CreateObjectMapping: 0.355700 ms MarkObjects: 25.336300 ms  DeleteObjects: 57.292600 ms)

AssetImportParameters requested are different than current active one (requested -> active):
  custom:video-decoder-ogg-theora: a1e56fd34408186e4bbccfd4996cb3dc -> 
  custom:container-muxer-webm: aa71ff27fc2769a1b78a27578f13a17b -> 
  custom:container-demuxer-webm: 4f35f7cbe854078d1ac9338744f61a02 -> 
  custom:video-encoder-webm-vp8: eb34c28f22e8b96e1ab97ce403110664 -> 
  custom:audio-encoder-webm-vorbis: bf7c407c2cedff20999df2af8eb42d56 -> 
  custom:framework-win-MediaFoundation: 216162199b28c13a410421893ffa2e32 -> 
  custom:container-demuxer-ogg: 62fdf1f143b41e24485cea50d1cbac27 -> 
  custom:video-decoder-webm-vp8: 9c59270c3fd7afecdb556c50c9e8de78 -> 
  custom:audio-decoder-ogg-vorbis: bf7c407c2cedff20999df2af8eb42d56 -> 
========================================================================
Received Import Request.
  Time since last request: 39.554170 seconds.
  path: Assets/Assets1 1/Scripts/PowerManager.cs
  artifactKey: Guid(5b15040a0481a144282f3b3b5966567c) Importer(815301076,1909f56bfc062723c751e8b465ee728b)
Start importing Assets/Assets1 1/Scripts/PowerManager.cs using Guid(5b15040a0481a144282f3b3b5966567c) Importer(815301076,1909f56bfc062723c751e8b465ee728b)  -> (artifact id: '746d9ea011fbe667c9b05a719251be8a') in 0.060118 seconds 
========================================================================
Received Prepare
Registering precompiled user dll's ...
Registered in 0.030857 seconds.
Begin MonoManager ReloadAssembly
Symbol file LoadedFromMemory doesn't match image E:\Unity\NewLuminaria\Library\PackageCache\com.unity.visualscripting@1.7.8\Editor\VisualScripting.Core\Dependencies\YamlDotNet\Unity.VisualScripting.YamlDotNet.dll
Symbol file LoadedFromMemory doesn't match image E:\Unity\NewLuminaria\Library\PackageCache\com.unity.visualscripting@1.7.8\Editor\VisualScripting.Core\Dependencies\DotNetZip\Unity.VisualScripting.IonicZip.dll
Native extension for WindowsStandalone target not found
Native extension for Android target not found
Refreshing native plugins compatible for Editor in 0.76 ms, found 3 plugins.
Preloading 0 native plugins for Editor in 0.00 ms.
Mono: successfully reloaded assembly
- Completed reload, in  3.449 seconds
Domain Reload Profiling:
	ReloadAssembly (3450ms)
		BeginReloadAssembly (313ms)
			ExecutionOrderSort (0ms)
			DisableScriptedObjects (9ms)
			BackupInstance (0ms)
			ReleaseScriptingObjects (0ms)
			CreateAndSetChildDomain (100ms)
		EndReloadAssembly (2902ms)
			LoadAssemblies (197ms)
			RebuildTransferFunctionScriptingTraits (0ms)
			SetupTypeCache (626ms)
			ReleaseScriptCaches (5ms)
			RebuildScriptCaches (185ms)
			SetupLoadedEditorAssemblies (1352ms)
				LogAssemblyErrors (0ms)
				InitializePlatformSupportModulesInManaged (73ms)
				SetLoadedEditorAssemblies (1ms)
				RefreshPlugins (1ms)
				BeforeProcessingInitializeOnLoad (218ms)
				ProcessInitializeOnLoadAttributes (711ms)
				ProcessInitializeOnLoadMethodAttributes (299ms)
				AfterProcessingInitializeOnLoad (49ms)
				EditorAssembliesLoaded (0ms)
			ExecutionOrderSort2 (0ms)
			AwakeInstancesAfterBackupRestoration (92ms)
Platform modules already initialized, skipping
Refreshing native plugins compatible for Editor in 14.97 ms, found 3 plugins.
Preloading 0 native plugins for Editor in 0.00 ms.
Unloading 3493 Unused Serialized files (Serialized files now loaded: 0)
Unloading 32 unused Assets / (1.3 MB). Loaded Objects now: 4003.
Memory consumption went from 126.7 MB to 125.4 MB.
Total: 4.853900 ms (FindLiveObjects: 0.712200 ms CreateObjectMapping: 0.539800 ms MarkObjects: 3.087400 ms  DeleteObjects: 0.512300 ms)

AssetImportParameters requested are different than current active one (requested -> active):
  custom:video-decoder-ogg-theora: a1e56fd34408186e4bbccfd4996cb3dc -> 
  custom:container-muxer-webm: aa71ff27fc2769a1b78a27578f13a17b -> 
  custom:container-demuxer-webm: 4f35f7cbe854078d1ac9338744f61a02 -> 
  custom:video-encoder-webm-vp8: eb34c28f22e8b96e1ab97ce403110664 -> 
  custom:audio-encoder-webm-vorbis: bf7c407c2cedff20999df2af8eb42d56 -> 
  custom:framework-win-MediaFoundation: 216162199b28c13a410421893ffa2e32 -> 
  custom:container-demuxer-ogg: 62fdf1f143b41e24485cea50d1cbac27 -> 
  custom:video-decoder-webm-vp8: 9c59270c3fd7afecdb556c50c9e8de78 -> 
  custom:audio-decoder-ogg-vorbis: bf7c407c2cedff20999df2af8eb42d56 -> 
========================================================================
Received Prepare
Registering precompiled user dll's ...
Registered in 0.160372 seconds.
Begin MonoManager ReloadAssembly
Symbol file LoadedFromMemory doesn't match image E:\Unity\NewLuminaria\Library\PackageCache\com.unity.visualscripting@1.7.8\Editor\VisualScripting.Core\Dependencies\YamlDotNet\Unity.VisualScripting.YamlDotNet.dll
Symbol file LoadedFromMemory doesn't match image E:\Unity\NewLuminaria\Library\PackageCache\com.unity.visualscripting@1.7.8\Editor\VisualScripting.Core\Dependencies\DotNetZip\Unity.VisualScripting.IonicZip.dll
Native extension for WindowsStandalone target not found
Native extension for Android target not found
Refreshing native plugins compatible for Editor in 0.79 ms, found 3 plugins.
Preloading 0 native plugins for Editor in 0.00 ms.
Mono: successfully reloaded assembly
- Completed reload, in  2.318 seconds
Domain Reload Profiling:
	ReloadAssembly (2324ms)
		BeginReloadAssembly (318ms)
			ExecutionOrderSort (0ms)
			DisableScriptedObjects (11ms)
			BackupInstance (0ms)
			ReleaseScriptingObjects (0ms)
			CreateAndSetChildDomain (96ms)
		EndReloadAssembly (1776ms)
			LoadAssemblies (189ms)
			RebuildTransferFunctionScriptingTraits (0ms)
			SetupTypeCache (620ms)
			ReleaseScriptCaches (2ms)
			RebuildScriptCaches (98ms)
			SetupLoadedEditorAssemblies (755ms)
				LogAssemblyErrors (0ms)
				InitializePlatformSupportModulesInManaged (51ms)
				SetLoadedEditorAssemblies (1ms)
				RefreshPlugins (1ms)
				BeforeProcessingInitializeOnLoad (163ms)
				ProcessInitializeOnLoadAttributes (459ms)
				ProcessInitializeOnLoadMethodAttributes (59ms)
				AfterProcessingInitializeOnLoad (20ms)
				EditorAssembliesLoaded (0ms)
			ExecutionOrderSort2 (0ms)
			AwakeInstancesAfterBackupRestoration (18ms)
Platform modules already initialized, skipping
Refreshing native plugins compatible for Editor in 2.27 ms, found 3 plugins.
Preloading 0 native plugins for Editor in 0.00 ms.
Unloading 3493 Unused Serialized files (Serialized files now loaded: 0)
Unloading 32 unused Assets / (1.3 MB). Loaded Objects now: 4006.
Memory consumption went from 126.7 MB to 125.4 MB.
Total: 4.650800 ms (FindLiveObjects: 0.687400 ms CreateObjectMapping: 0.336300 ms MarkObjects: 3.117100 ms  DeleteObjects: 0.508400 ms)

AssetImportParameters requested are different than current active one (requested -> active):
  custom:video-decoder-ogg-theora: a1e56fd34408186e4bbccfd4996cb3dc -> 
  custom:container-muxer-webm: aa71ff27fc2769a1b78a27578f13a17b -> 
  custom:container-demuxer-webm: 4f35f7cbe854078d1ac9338744f61a02 -> 
  custom:video-encoder-webm-vp8: eb34c28f22e8b96e1ab97ce403110664 -> 
  custom:audio-encoder-webm-vorbis: bf7c407c2cedff20999df2af8eb42d56 -> 
  custom:framework-win-MediaFoundation: 216162199b28c13a410421893ffa2e32 -> 
  custom:container-demuxer-ogg: 62fdf1f143b41e24485cea50d1cbac27 -> 
  custom:video-decoder-webm-vp8: 9c59270c3fd7afecdb556c50c9e8de78 -> 
  custom:audio-decoder-ogg-vorbis: bf7c407c2cedff20999df2af8eb42d56 -> 
========================================================================
Received Prepare
Registering precompiled user dll's ...
Registered in 0.012770 seconds.
Begin MonoManager ReloadAssembly
Symbol file LoadedFromMemory doesn't match image E:\Unity\NewLuminaria\Library\PackageCache\com.unity.visualscripting@1.7.8\Editor\VisualScripting.Core\Dependencies\YamlDotNet\Unity.VisualScripting.YamlDotNet.dll
Symbol file LoadedFromMemory doesn't match image E:\Unity\NewLuminaria\Library\PackageCache\com.unity.visualscripting@1.7.8\Editor\VisualScripting.Core\Dependencies\DotNetZip\Unity.VisualScripting.IonicZip.dll
Native extension for WindowsStandalone target not found
Native extension for Android target not found
Refreshing native plugins compatible for Editor in 0.81 ms, found 3 plugins.
Preloading 0 native plugins for Editor in 0.00 ms.
Mono: successfully reloaded assembly
- Completed reload, in  2.591 seconds
Domain Reload Profiling:
	ReloadAssembly (2593ms)
		BeginReloadAssembly (286ms)
			ExecutionOrderSort (0ms)
			DisableScriptedObjects (8ms)
			BackupInstance (0ms)
			ReleaseScriptingObjects (0ms)
			CreateAndSetChildDomain (84ms)
		EndReloadAssembly (2077ms)
			LoadAssemblies (183ms)
			RebuildTransferFunctionScriptingTraits (0ms)
			SetupTypeCache (581ms)
			ReleaseScriptCaches (2ms)
			RebuildScriptCaches (89ms)
			SetupLoadedEditorAssemblies (1128ms)
				LogAssemblyErrors (0ms)
				InitializePlatformSupportModulesInManaged (58ms)
				SetLoadedEditorAssemblies (1ms)
				RefreshPlugins (1ms)
				BeforeProcessingInitializeOnLoad (155ms)
				ProcessInitializeOnLoadAttributes (814ms)
				ProcessInitializeOnLoadMethodAttributes (63ms)
				AfterProcessingInitializeOnLoad (34ms)
				EditorAssembliesLoaded (1ms)
			ExecutionOrderSort2 (0ms)
			AwakeInstancesAfterBackupRestoration (20ms)
Platform modules already initialized, skipping
Refreshing native plugins compatible for Editor in 3.29 ms, found 3 plugins.
Preloading 0 native plugins for Editor in 0.00 ms.
Unloading 3493 Unused Serialized files (Serialized files now loaded: 0)
Unloading 32 unused Assets / (1.3 MB). Loaded Objects now: 4009.
Memory consumption went from 126.7 MB to 125.4 MB.
Total: 8.915500 ms (FindLiveObjects: 0.491700 ms CreateObjectMapping: 0.437400 ms MarkObjects: 7.665800 ms  DeleteObjects: 0.318400 ms)

AssetImportParameters requested are different than current active one (requested -> active):
  custom:video-decoder-ogg-theora: a1e56fd34408186e4bbccfd4996cb3dc -> 
  custom:container-muxer-webm: aa71ff27fc2769a1b78a27578f13a17b -> 
  custom:container-demuxer-webm: 4f35f7cbe854078d1ac9338744f61a02 -> 
  custom:video-encoder-webm-vp8: eb34c28f22e8b96e1ab97ce403110664 -> 
  custom:audio-encoder-webm-vorbis: bf7c407c2cedff20999df2af8eb42d56 -> 
  custom:framework-win-MediaFoundation: 216162199b28c13a410421893ffa2e32 -> 
  custom:container-demuxer-ogg: 62fdf1f143b41e24485cea50d1cbac27 -> 
  custom:video-decoder-webm-vp8: 9c59270c3fd7afecdb556c50c9e8de78 -> 
  custom:audio-decoder-ogg-vorbis: bf7c407c2cedff20999df2af8eb42d56 -> 
========================================================================
Received Import Request.
  Time since last request: 308.055231 seconds.
  path: Assets/Assets1 1/Prefabs/Killer Player.prefab
  artifactKey: Guid(66f3965e80417f2459e7d3881004bded) Importer(815301076,1909f56bfc062723c751e8b465ee728b)
Start importing Assets/Assets1 1/Prefabs/Killer Player.prefab using Guid(66f3965e80417f2459e7d3881004bded) Importer(815301076,1909f56bfc062723c751e8b465ee728b)  -> (artifact id: '9efee3d01b2ae6d54e759423047f6eb3') in 3.323177 seconds 
========================================================================
Received Import Request.
  Time since last request: 0.000048 seconds.
  path: Assets/Assets1 1/Prefabs/Survivor Player.prefab
  artifactKey: Guid(8bf064e1776a5c645b75c3277fd18d74) Importer(815301076,1909f56bfc062723c751e8b465ee728b)
Start importing Assets/Assets1 1/Prefabs/Survivor Player.prefab using Guid(8bf064e1776a5c645b75c3277fd18d74) Importer(815301076,1909f56bfc062723c751e8b465ee728b)  -> (artifact id: '937b06002252042b77e6f3409dfe7db3') in 0.314546 seconds 
========================================================================
Received Import Request.
  Time since last request: 18.353662 seconds.
  path: Assets/Assets1 1/Prefabs/Killer Player.prefab
  artifactKey: Guid(66f3965e80417f2459e7d3881004bded) Importer(815301076,1909f56bfc062723c751e8b465ee728b)
Start importing Assets/Assets1 1/Prefabs/Killer Player.prefab using Guid(66f3965e80417f2459e7d3881004bded) Importer(815301076,1909f56bfc062723c751e8b465ee728b)  -> (artifact id: '9765e8d0bf8e722135884ee026d9b4c7') in 0.948924 seconds 
========================================================================
Received Import Request.
  Time since last request: 8.363195 seconds.
  path: Assets/Assets1 1/Prefabs/Killer Player.prefab
  artifactKey: Guid(66f3965e80417f2459e7d3881004bded) Importer(815301076,1909f56bfc062723c751e8b465ee728b)
Start importing Assets/Assets1 1/Prefabs/Killer Player.prefab using Guid(66f3965e80417f2459e7d3881004bded) Importer(815301076,1909f56bfc062723c751e8b465ee728b)  -> (artifact id: '331747b5a149168edf235cbd536c5b16') in 0.938967 seconds 
========================================================================
Received Prepare
Registering precompiled user dll's ...
Registered in 0.005205 seconds.
Begin MonoManager ReloadAssembly
Symbol file LoadedFromMemory doesn't match image E:\Unity\NewLuminaria\Library\PackageCache\com.unity.visualscripting@1.7.8\Editor\VisualScripting.Core\Dependencies\YamlDotNet\Unity.VisualScripting.YamlDotNet.dll
Symbol file LoadedFromMemory doesn't match image E:\Unity\NewLuminaria\Library\PackageCache\com.unity.visualscripting@1.7.8\Editor\VisualScripting.Core\Dependencies\DotNetZip\Unity.VisualScripting.IonicZip.dll
Native extension for WindowsStandalone target not found
Native extension for Android target not found
Refreshing native plugins compatible for Editor in 1.68 ms, found 3 plugins.
Preloading 0 native plugins for Editor in 0.00 ms.
Mono: successfully reloaded assembly
- Completed reload, in  2.100 seconds
Domain Reload Profiling:
	ReloadAssembly (2101ms)
		BeginReloadAssembly (315ms)
			ExecutionOrderSort (0ms)
			DisableScriptedObjects (11ms)
			BackupInstance (0ms)
			ReleaseScriptingObjects (0ms)
			CreateAndSetChildDomain (113ms)
		EndReloadAssembly (1524ms)
			LoadAssemblies (167ms)
			RebuildTransferFunctionScriptingTraits (0ms)
			SetupTypeCache (528ms)
			ReleaseScriptCaches (2ms)
			RebuildScriptCaches (73ms)
			SetupLoadedEditorAssemblies (635ms)
				LogAssemblyErrors (0ms)
				InitializePlatformSupportModulesInManaged (41ms)
				SetLoadedEditorAssemblies (2ms)
				RefreshPlugins (2ms)
				BeforeProcessingInitializeOnLoad (246ms)
				ProcessInitializeOnLoadAttributes (285ms)
				ProcessInitializeOnLoadMethodAttributes (43ms)
				AfterProcessingInitializeOnLoad (16ms)
				EditorAssembliesLoaded (0ms)
			ExecutionOrderSort2 (0ms)
			AwakeInstancesAfterBackupRestoration (15ms)
Platform modules already initialized, skipping
Refreshing native plugins compatible for Editor in 2.16 ms, found 3 plugins.
Preloading 0 native plugins for Editor in 0.00 ms.
Unloading 3493 Unused Serialized files (Serialized files now loaded: 0)
Unloading 32 unused Assets / (1.3 MB). Loaded Objects now: 4023.
Memory consumption went from 131.3 MB to 130.0 MB.
Total: 4.869200 ms (FindLiveObjects: 0.341800 ms CreateObjectMapping: 0.285700 ms MarkObjects: 3.879600 ms  DeleteObjects: 0.360600 ms)

AssetImportParameters requested are different than current active one (requested -> active):
  custom:video-decoder-ogg-theora: a1e56fd34408186e4bbccfd4996cb3dc -> 
  custom:container-muxer-webm: aa71ff27fc2769a1b78a27578f13a17b -> 
  custom:container-demuxer-webm: 4f35f7cbe854078d1ac9338744f61a02 -> 
  custom:video-encoder-webm-vp8: eb34c28f22e8b96e1ab97ce403110664 -> 
  custom:audio-encoder-webm-vorbis: bf7c407c2cedff20999df2af8eb42d56 -> 
  custom:framework-win-MediaFoundation: 216162199b28c13a410421893ffa2e32 -> 
  custom:container-demuxer-ogg: 62fdf1f143b41e24485cea50d1cbac27 -> 
  custom:video-decoder-webm-vp8: 9c59270c3fd7afecdb556c50c9e8de78 -> 
  custom:audio-decoder-ogg-vorbis: bf7c407c2cedff20999df2af8eb42d56 -> 
========================================================================
Received Import Request.
  Time since last request: 177.754764 seconds.
  path: Assets/Assets1 1/Prefabs/Killer Player.prefab
  artifactKey: Guid(66f3965e80417f2459e7d3881004bded) Importer(815301076,1909f56bfc062723c751e8b465ee728b)
Start importing Assets/Assets1 1/Prefabs/Killer Player.prefab using Guid(66f3965e80417f2459e7d3881004bded) Importer(815301076,1909f56bfc062723c751e8b465ee728b)  -> (artifact id: 'cc3cd1a08c3760089d06020d6e970fcb') in 1.205947 seconds 
========================================================================
Received Import Request.
  Time since last request: 45.950870 seconds.
  path: Assets/Assets1 1/Prefabs/Killer Player.prefab
  artifactKey: Guid(66f3965e80417f2459e7d3881004bded) Importer(815301076,1909f56bfc062723c751e8b465ee728b)
Start importing Assets/Assets1 1/Prefabs/Killer Player.prefab using Guid(66f3965e80417f2459e7d3881004bded) Importer(815301076,1909f56bfc062723c751e8b465ee728b)  -> (artifact id: '64612c6895e10bb601a794517fb7d218') in 0.646319 seconds 
========================================================================
Received Import Request.
  Time since last request: 2.798325 seconds.
  path: Assets/Assets1 1/Prefabs/Killer Player.prefab
  artifactKey: Guid(66f3965e80417f2459e7d3881004bded) Importer(815301076,1909f56bfc062723c751e8b465ee728b)
Start importing Assets/Assets1 1/Prefabs/Killer Player.prefab using Guid(66f3965e80417f2459e7d3881004bded) Importer(815301076,1909f56bfc062723c751e8b465ee728b)  -> (artifact id: 'bdfa7b623024a3e274a61675e78ba4ac') in 0.324765 seconds 
========================================================================
Received Import Request.
  Time since last request: 5.060701 seconds.
  path: Assets/Assets1 1/Prefabs/Killer Player.prefab
  artifactKey: Guid(66f3965e80417f2459e7d3881004bded) Importer(815301076,1909f56bfc062723c751e8b465ee728b)
Start importing Assets/Assets1 1/Prefabs/Killer Player.prefab using Guid(66f3965e80417f2459e7d3881004bded) Importer(815301076,1909f56bfc062723c751e8b465ee728b)  -> (artifact id: 'ff908f1dc32a9b65fe87a9332df90cb8') in 0.678069 seconds 
========================================================================
Received Import Request.
  Time since last request: 0.666537 seconds.
  path: Assets/Assets1 1/Prefabs/Killer Player.prefab
  artifactKey: Guid(66f3965e80417f2459e7d3881004bded) Importer(815301076,1909f56bfc062723c751e8b465ee728b)
Start importing Assets/Assets1 1/Prefabs/Killer Player.prefab using Guid(66f3965e80417f2459e7d3881004bded) Importer(815301076,1909f56bfc062723c751e8b465ee728b)  -> (artifact id: '1e5f5dcb6738bee8994d2f3a06c8916f') in 0.334390 seconds 
========================================================================
Received Import Request.
  Time since last request: 7.520493 seconds.
  path: Assets/Assets1 1/Prefabs/Killer Player.prefab
  artifactKey: Guid(66f3965e80417f2459e7d3881004bded) Importer(815301076,1909f56bfc062723c751e8b465ee728b)
Start importing Assets/Assets1 1/Prefabs/Killer Player.prefab using Guid(66f3965e80417f2459e7d3881004bded) Importer(815301076,1909f56bfc062723c751e8b465ee728b)  -> (artifact id: '93b10ca03cc544673e6438eecf3ebb06') in 0.719804 seconds 
========================================================================
Received Import Request.
  Time since last request: 3.018813 seconds.
  path: Assets/Assets1 1/Prefabs/Killer Player.prefab
  artifactKey: Guid(66f3965e80417f2459e7d3881004bded) Importer(815301076,1909f56bfc062723c751e8b465ee728b)
Start importing Assets/Assets1 1/Prefabs/Killer Player.prefab using Guid(66f3965e80417f2459e7d3881004bded) Importer(815301076,1909f56bfc062723c751e8b465ee728b)  -> (artifact id: 'da0dbe30dea56e1a4a883cef50f829b8') in 1.426939 seconds 
========================================================================
Received Prepare
Registering precompiled user dll's ...
Registered in 0.023345 seconds.
Begin MonoManager ReloadAssembly
Symbol file LoadedFromMemory doesn't match image E:\Unity\NewLuminaria\Library\PackageCache\com.unity.visualscripting@1.7.8\Editor\VisualScripting.Core\Dependencies\YamlDotNet\Unity.VisualScripting.YamlDotNet.dll
Symbol file LoadedFromMemory doesn't match image E:\Unity\NewLuminaria\Library\PackageCache\com.unity.visualscripting@1.7.8\Editor\VisualScripting.Core\Dependencies\DotNetZip\Unity.VisualScripting.IonicZip.dll
Native extension for WindowsStandalone target not found
Native extension for Android target not found
Refreshing native plugins compatible for Editor in 0.81 ms, found 3 plugins.
Preloading 0 native plugins for Editor in 0.00 ms.
Mono: successfully reloaded assembly
- Completed reload, in 19.754 seconds
Domain Reload Profiling:
	ReloadAssembly (19755ms)
		BeginReloadAssembly (3124ms)
			ExecutionOrderSort (0ms)
			DisableScriptedObjects (12ms)
			BackupInstance (0ms)
			ReleaseScriptingObjects (0ms)
			CreateAndSetChildDomain (397ms)
		EndReloadAssembly (13311ms)
			LoadAssemblies (2808ms)
			RebuildTransferFunctionScriptingTraits (0ms)
			SetupTypeCache (2733ms)
			ReleaseScriptCaches (17ms)
			RebuildScriptCaches (364ms)
			SetupLoadedEditorAssemblies (8848ms)
				LogAssemblyErrors (0ms)
				InitializePlatformSupportModulesInManaged (171ms)
				SetLoadedEditorAssemblies (1ms)
				RefreshPlugins (1ms)
				BeforeProcessingInitializeOnLoad (5645ms)
				ProcessInitializeOnLoadAttributes (2697ms)
				ProcessInitializeOnLoadMethodAttributes (249ms)
				AfterProcessingInitializeOnLoad (72ms)
				EditorAssembliesLoaded (12ms)
			ExecutionOrderSort2 (0ms)
			AwakeInstancesAfterBackupRestoration (138ms)
Platform modules already initialized, skipping
Refreshing native plugins compatible for Editor in 16.34 ms, found 3 plugins.
Preloading 0 native plugins for Editor in 0.00 ms.
Unloading 3493 Unused Serialized files (Serialized files now loaded: 0)
Unloading 32 unused Assets / (1.3 MB). Loaded Objects now: 4026.
Memory consumption went from 131.3 MB to 129.9 MB.
Total: 18.083900 ms (FindLiveObjects: 1.562200 ms CreateObjectMapping: 0.487300 ms MarkObjects: 15.389900 ms  DeleteObjects: 0.642800 ms)

AssetImportParameters requested are different than current active one (requested -> active):
  custom:video-decoder-ogg-theora: a1e56fd34408186e4bbccfd4996cb3dc -> 
  custom:container-muxer-webm: aa71ff27fc2769a1b78a27578f13a17b -> 
  custom:container-demuxer-webm: 4f35f7cbe854078d1ac9338744f61a02 -> 
  custom:video-encoder-webm-vp8: eb34c28f22e8b96e1ab97ce403110664 -> 
  custom:audio-encoder-webm-vorbis: bf7c407c2cedff20999df2af8eb42d56 -> 
  custom:framework-win-MediaFoundation: 216162199b28c13a410421893ffa2e32 -> 
  custom:container-demuxer-ogg: 62fdf1f143b41e24485cea50d1cbac27 -> 
  custom:video-decoder-webm-vp8: 9c59270c3fd7afecdb556c50c9e8de78 -> 
  custom:audio-decoder-ogg-vorbis: bf7c407c2cedff20999df2af8eb42d56 -> 
========================================================================
Received Prepare
Registering precompiled user dll's ...
Registered in 0.276461 seconds.
Begin MonoManager ReloadAssembly
Symbol file LoadedFromMemory doesn't match image E:\Unity\NewLuminaria\Library\PackageCache\com.unity.visualscripting@1.7.8\Editor\VisualScripting.Core\Dependencies\YamlDotNet\Unity.VisualScripting.YamlDotNet.dll
Symbol file LoadedFromMemory doesn't match image E:\Unity\NewLuminaria\Library\PackageCache\com.unity.visualscripting@1.7.8\Editor\VisualScripting.Core\Dependencies\DotNetZip\Unity.VisualScripting.IonicZip.dll
Native extension for WindowsStandalone target not found
Native extension for Android target not found
Refreshing native plugins compatible for Editor in 1.49 ms, found 3 plugins.
Preloading 0 native plugins for Editor in 0.00 ms.
Mono: successfully reloaded assembly
- Completed reload, in 19.133 seconds
Domain Reload Profiling:
	ReloadAssembly (19134ms)
		BeginReloadAssembly (1305ms)
			ExecutionOrderSort (0ms)
			DisableScriptedObjects (37ms)
			BackupInstance (0ms)
			ReleaseScriptingObjects (1ms)
			CreateAndSetChildDomain (238ms)
		EndReloadAssembly (17082ms)
			LoadAssemblies (653ms)
			RebuildTransferFunctionScriptingTraits (0ms)
			SetupTypeCache (6262ms)
			ReleaseScriptCaches (17ms)
			RebuildScriptCaches (417ms)
			SetupLoadedEditorAssemblies (8948ms)
				LogAssemblyErrors (0ms)
				InitializePlatformSupportModulesInManaged (239ms)
				SetLoadedEditorAssemblies (2ms)
				RefreshPlugins (2ms)
				BeforeProcessingInitializeOnLoad (636ms)
				ProcessInitializeOnLoadAttributes (4798ms)
				ProcessInitializeOnLoadMethodAttributes (2778ms)
				AfterProcessingInitializeOnLoad (429ms)
				EditorAssembliesLoaded (65ms)
			ExecutionOrderSort2 (0ms)
			AwakeInstancesAfterBackupRestoration (221ms)
Platform modules already initialized, skipping
Refreshing native plugins compatible for Editor in 5.76 ms, found 3 plugins.
Preloading 0 native plugins for Editor in 0.00 ms.
Unloading 3493 Unused Serialized files (Serialized files now loaded: 0)
Unloading 32 unused Assets / (1.3 MB). Loaded Objects now: 4029.
Memory consumption went from 131.3 MB to 130.0 MB.
Total: 8.566800 ms (FindLiveObjects: 0.688800 ms CreateObjectMapping: 1.753100 ms MarkObjects: 5.711000 ms  DeleteObjects: 0.412500 ms)

AssetImportParameters requested are different than current active one (requested -> active):
  custom:video-decoder-ogg-theora: a1e56fd34408186e4bbccfd4996cb3dc -> 
  custom:container-muxer-webm: aa71ff27fc2769a1b78a27578f13a17b -> 
  custom:container-demuxer-webm: 4f35f7cbe854078d1ac9338744f61a02 -> 
  custom:video-encoder-webm-vp8: eb34c28f22e8b96e1ab97ce403110664 -> 
  custom:audio-encoder-webm-vorbis: bf7c407c2cedff20999df2af8eb42d56 -> 
  custom:framework-win-MediaFoundation: 216162199b28c13a410421893ffa2e32 -> 
  custom:container-demuxer-ogg: 62fdf1f143b41e24485cea50d1cbac27 -> 
  custom:video-decoder-webm-vp8: 9c59270c3fd7afecdb556c50c9e8de78 -> 
  custom:audio-decoder-ogg-vorbis: bf7c407c2cedff20999df2af8eb42d56 -> 
========================================================================
Received Prepare
Registering precompiled user dll's ...
Registered in 0.109322 seconds.
Begin MonoManager ReloadAssembly
Symbol file LoadedFromMemory doesn't match image E:\Unity\NewLuminaria\Library\PackageCache\com.unity.visualscripting@1.7.8\Editor\VisualScripting.Core\Dependencies\YamlDotNet\Unity.VisualScripting.YamlDotNet.dll
Symbol file LoadedFromMemory doesn't match image E:\Unity\NewLuminaria\Library\PackageCache\com.unity.visualscripting@1.7.8\Editor\VisualScripting.Core\Dependencies\DotNetZip\Unity.VisualScripting.IonicZip.dll
Native extension for WindowsStandalone target not found
Native extension for Android target not found
Refreshing native plugins compatible for Editor in 1.51 ms, found 3 plugins.
Preloading 0 native plugins for Editor in 0.00 ms.
Mono: successfully reloaded assembly
- Completed reload, in 11.470 seconds
Domain Reload Profiling:
	ReloadAssembly (11474ms)
		BeginReloadAssembly (1143ms)
			ExecutionOrderSort (0ms)
			DisableScriptedObjects (37ms)
			BackupInstance (0ms)
			ReleaseScriptingObjects (0ms)
			CreateAndSetChildDomain (169ms)
		EndReloadAssembly (6907ms)
			LoadAssemblies (1248ms)
			RebuildTransferFunctionScriptingTraits (0ms)
			SetupTypeCache (2856ms)
			ReleaseScriptCaches (6ms)
			RebuildScriptCaches (342ms)
			SetupLoadedEditorAssemblies (2464ms)
				LogAssemblyErrors (0ms)
				InitializePlatformSupportModulesInManaged (83ms)
				SetLoadedEditorAssemblies (1ms)
				RefreshPlugins (2ms)
				BeforeProcessingInitializeOnLoad (838ms)
				ProcessInitializeOnLoadAttributes (1123ms)
				ProcessInitializeOnLoadMethodAttributes (370ms)
				AfterProcessingInitializeOnLoad (47ms)
				EditorAssembliesLoaded (0ms)
			ExecutionOrderSort2 (0ms)
			AwakeInstancesAfterBackupRestoration (50ms)
Platform modules already initialized, skipping
Refreshing native plugins compatible for Editor in 12.16 ms, found 3 plugins.
Preloading 0 native plugins for Editor in 0.00 ms.
Unloading 3493 Unused Serialized files (Serialized files now loaded: 0)
Unloading 32 unused Assets / (1.3 MB). Loaded Objects now: 4032.
Memory consumption went from 131.3 MB to 130.0 MB.
Total: 9.866700 ms (FindLiveObjects: 0.977100 ms CreateObjectMapping: 0.944400 ms MarkObjects: 7.463100 ms  DeleteObjects: 0.480600 ms)

AssetImportParameters requested are different than current active one (requested -> active):
  custom:video-decoder-ogg-theora: a1e56fd34408186e4bbccfd4996cb3dc -> 
  custom:container-muxer-webm: aa71ff27fc2769a1b78a27578f13a17b -> 
  custom:container-demuxer-webm: 4f35f7cbe854078d1ac9338744f61a02 -> 
  custom:video-encoder-webm-vp8: eb34c28f22e8b96e1ab97ce403110664 -> 
  custom:audio-encoder-webm-vorbis: bf7c407c2cedff20999df2af8eb42d56 -> 
  custom:framework-win-MediaFoundation: 216162199b28c13a410421893ffa2e32 -> 
  custom:container-demuxer-ogg: 62fdf1f143b41e24485cea50d1cbac27 -> 
  custom:video-decoder-webm-vp8: 9c59270c3fd7afecdb556c50c9e8de78 -> 
  custom:audio-decoder-ogg-vorbis: bf7c407c2cedff20999df2af8eb42d56 -> 
========================================================================
Received Prepare
Registering precompiled user dll's ...
Registered in 0.099405 seconds.
Begin MonoManager ReloadAssembly
Symbol file LoadedFromMemory doesn't match image E:\Unity\NewLuminaria\Library\PackageCache\com.unity.visualscripting@1.7.8\Editor\VisualScripting.Core\Dependencies\YamlDotNet\Unity.VisualScripting.YamlDotNet.dll
Symbol file LoadedFromMemory doesn't match image E:\Unity\NewLuminaria\Library\PackageCache\com.unity.visualscripting@1.7.8\Editor\VisualScripting.Core\Dependencies\DotNetZip\Unity.VisualScripting.IonicZip.dll
Native extension for WindowsStandalone target not found
Native extension for Android target not found
Refreshing native plugins compatible for Editor in 4.89 ms, found 3 plugins.
Preloading 0 native plugins for Editor in 0.00 ms.
Mono: successfully reloaded assembly
- Completed reload, in 22.182 seconds
Domain Reload Profiling:
	ReloadAssembly (22183ms)
		BeginReloadAssembly (2049ms)
			ExecutionOrderSort (0ms)
			DisableScriptedObjects (127ms)
			BackupInstance (0ms)
			ReleaseScriptingObjects (0ms)
			CreateAndSetChildDomain (485ms)
		EndReloadAssembly (16372ms)
			LoadAssemblies (3926ms)
			RebuildTransferFunctionScriptingTraits (4ms)
			SetupTypeCache (8919ms)
			ReleaseScriptCaches (15ms)
			RebuildScriptCaches (305ms)
			SetupLoadedEditorAssemblies (2323ms)
				LogAssemblyErrors (0ms)
				InitializePlatformSupportModulesInManaged (67ms)
				SetLoadedEditorAssemblies (1ms)
				RefreshPlugins (5ms)
				BeforeProcessingInitializeOnLoad (442ms)
				ProcessInitializeOnLoadAttributes (1663ms)
				ProcessInitializeOnLoadMethodAttributes (105ms)
				AfterProcessingInitializeOnLoad (38ms)
				EditorAssembliesLoaded (1ms)
			ExecutionOrderSort2 (0ms)
			AwakeInstancesAfterBackupRestoration (36ms)
Platform modules already initialized, skipping
Refreshing native plugins compatible for Editor in 29.67 ms, found 3 plugins.
Preloading 0 native plugins for Editor in 0.00 ms.
Unloading 3493 Unused Serialized files (Serialized files now loaded: 0)
Unloading 32 unused Assets / (1.3 MB). Loaded Objects now: 4035.
Memory consumption went from 131.3 MB to 130.0 MB.
Total: 47.514600 ms (FindLiveObjects: 0.512900 ms CreateObjectMapping: 0.696900 ms MarkObjects: 45.576500 ms  DeleteObjects: 0.726100 ms)

AssetImportParameters requested are different than current active one (requested -> active):
  custom:video-decoder-ogg-theora: a1e56fd34408186e4bbccfd4996cb3dc -> 
  custom:container-muxer-webm: aa71ff27fc2769a1b78a27578f13a17b -> 
  custom:container-demuxer-webm: 4f35f7cbe854078d1ac9338744f61a02 -> 
  custom:video-encoder-webm-vp8: eb34c28f22e8b96e1ab97ce403110664 -> 
  custom:audio-encoder-webm-vorbis: bf7c407c2cedff20999df2af8eb42d56 -> 
  custom:framework-win-MediaFoundation: 216162199b28c13a410421893ffa2e32 -> 
  custom:container-demuxer-ogg: 62fdf1f143b41e24485cea50d1cbac27 -> 
  custom:video-decoder-webm-vp8: 9c59270c3fd7afecdb556c50c9e8de78 -> 
  custom:audio-decoder-ogg-vorbis: bf7c407c2cedff20999df2af8eb42d56 -> 
========================================================================
Received Import Request.
  Time since last request: 272.756213 seconds.
  path: Assets/Assets1 1/Prefabs/Lamp.prefab
  artifactKey: Guid(868045d48f6328d4d8f659cfd2d86296) Importer(815301076,1909f56bfc062723c751e8b465ee728b)
Start importing Assets/Assets1 1/Prefabs/Lamp.prefab using Guid(868045d48f6328d4d8f659cfd2d86296) Importer(815301076,1909f56bfc062723c751e8b465ee728b)  -> (artifact id: '4da7ad382b84824e2867c415b68f5677') in 0.552903 seconds 
========================================================================
Received Import Request.
  Time since last request: 2.704920 seconds.
  path: Assets/Assets1 1/Prefabs/Lamp.prefab
  artifactKey: Guid(868045d48f6328d4d8f659cfd2d86296) Importer(815301076,1909f56bfc062723c751e8b465ee728b)
Start importing Assets/Assets1 1/Prefabs/Lamp.prefab using Guid(868045d48f6328d4d8f659cfd2d86296) Importer(815301076,1909f56bfc062723c751e8b465ee728b)  -> (artifact id: '62ee6558c9307f635adb53a4a7b519b2') in 0.199256 seconds 
========================================================================
Received Import Request.
  Time since last request: 30.705610 seconds.
  path: Assets/Assets1 1/Scripts/AttackControls.cs
  artifactKey: Guid(1990c1f044323d24d9ec27612064dc65) Importer(815301076,1909f56bfc062723c751e8b465ee728b)
Start importing Assets/Assets1 1/Scripts/AttackControls.cs using Guid(1990c1f044323d24d9ec27612064dc65) Importer(815301076,1909f56bfc062723c751e8b465ee728b)  -> (artifact id: '0091d79289d223ee3941cc31f2db5381') in 0.049655 seconds 
========================================================================
Received Import Request.
  Time since last request: 2.445205 seconds.
  path: Assets/Assets1 1/Scripts/CompleteObjective.cs
  artifactKey: Guid(23442cbb2db406f4facfd3d3f7680ca0) Importer(815301076,1909f56bfc062723c751e8b465ee728b)
Start importing Assets/Assets1 1/Scripts/CompleteObjective.cs using Guid(23442cbb2db406f4facfd3d3f7680ca0) Importer(815301076,1909f56bfc062723c751e8b465ee728b)  -> (artifact id: 'b7130ef8d711f2a3b6c3fdc4b2d66a18') in 0.054475 seconds 
========================================================================
Received Import Request.
  Time since last request: 2.763084 seconds.
  path: Assets/Assets1 1/Scripts/FuseInteractions.cs
  artifactKey: Guid(9e808df79d58d06409d910be398e035a) Importer(815301076,1909f56bfc062723c751e8b465ee728b)
Start importing Assets/Assets1 1/Scripts/FuseInteractions.cs using Guid(9e808df79d58d06409d910be398e035a) Importer(815301076,1909f56bfc062723c751e8b465ee728b)  -> (artifact id: '0e946fbfbbba145dcc20a7c8c02fa75e') in 0.193116 seconds 
========================================================================
Received Import Request.
  Time since last request: 1.603198 seconds.
  path: Assets/Assets1 1/Scripts/KillerAbilityController.cs
  artifactKey: Guid(44d6c4dd931bec7409969bcfe92121ab) Importer(815301076,1909f56bfc062723c751e8b465ee728b)
Start importing Assets/Assets1 1/Scripts/KillerAbilityController.cs using Guid(44d6c4dd931bec7409969bcfe92121ab) Importer(815301076,1909f56bfc062723c751e8b465ee728b)  -> (artifact id: 'c13a5b56e50140f766d1d276460c3272') in 0.043484 seconds 
========================================================================
Received Import Request.
  Time since last request: 0.632156 seconds.
  path: Assets/Assets1 1/Scripts/KillerInteractions.cs
  artifactKey: Guid(9f83e6e69f8329c42899df4c70bfaef7) Importer(815301076,1909f56bfc062723c751e8b465ee728b)
Start importing Assets/Assets1 1/Scripts/KillerInteractions.cs using Guid(9f83e6e69f8329c42899df4c70bfaef7) Importer(815301076,1909f56bfc062723c751e8b465ee728b)  -> (artifact id: '85f7bfc76afa64c67b42e2369daf9c59') in 0.033363 seconds 
========================================================================
Received Import Request.
  Time since last request: 1.796417 seconds.
  path: Assets/Assets1 1/Scripts/LampItem.cs
  artifactKey: Guid(6b08fb7e0cbd15e409c97c7510520715) Importer(815301076,1909f56bfc062723c751e8b465ee728b)
Start importing Assets/Assets1 1/Scripts/LampItem.cs using Guid(6b08fb7e0cbd15e409c97c7510520715) Importer(815301076,1909f56bfc062723c751e8b465ee728b)  -> (artifact id: 'b5d74400e72da570645c3d5a1ed21ecb') in 0.033152 seconds 
========================================================================
Received Import Request.
  Time since last request: 0.208143 seconds.
  path: Assets/Assets1 1/Scripts/LampScript.cs
  artifactKey: Guid(751d8f4e5af278b4c8b54f351647be05) Importer(815301076,1909f56bfc062723c751e8b465ee728b)
Start importing Assets/Assets1 1/Scripts/LampScript.cs using Guid(751d8f4e5af278b4c8b54f351647be05) Importer(815301076,1909f56bfc062723c751e8b465ee728b)  -> (artifact id: 'c54b804ae28adf33f72d4d027d901a7e') in 0.045793 seconds 
========================================================================
Received Import Request.
  Time since last request: 10.476439 seconds.
  path: Assets/Assets1 1/Scripts/SurvivorInteractions.cs
  artifactKey: Guid(58f3a0c91a6f4a445b9c9433d788b31e) Importer(815301076,1909f56bfc062723c751e8b465ee728b)
Start importing Assets/Assets1 1/Scripts/SurvivorInteractions.cs using Guid(58f3a0c91a6f4a445b9c9433d788b31e) Importer(815301076,1909f56bfc062723c751e8b465ee728b)  -> (artifact id: '273d14216455cf019f611e7294e4f31f') in 0.144627 seconds 
========================================================================
Received Import Request.
  Time since last request: 0.523965 seconds.
  path: Assets/Assets1 1/Scripts/SurvivorLightREnder.cs
  artifactKey: Guid(5fd46ccf0c5bd6c448a0bc62fe2d5e7a) Importer(815301076,1909f56bfc062723c751e8b465ee728b)
Start importing Assets/Assets1 1/Scripts/SurvivorLightREnder.cs using Guid(5fd46ccf0c5bd6c448a0bc62fe2d5e7a) Importer(815301076,1909f56bfc062723c751e8b465ee728b)  -> (artifact id: 'd54782cc9602bf640ddd6239f632f5c7') in 0.185287 seconds 
========================================================================
Received Prepare
Registering precompiled user dll's ...
Registered in 0.007107 seconds.
Begin MonoManager ReloadAssembly
Symbol file LoadedFromMemory doesn't match image E:\Unity\NewLuminaria\Library\PackageCache\com.unity.visualscripting@1.7.8\Editor\VisualScripting.Core\Dependencies\YamlDotNet\Unity.VisualScripting.YamlDotNet.dll
Symbol file LoadedFromMemory doesn't match image E:\Unity\NewLuminaria\Library\PackageCache\com.unity.visualscripting@1.7.8\Editor\VisualScripting.Core\Dependencies\DotNetZip\Unity.VisualScripting.IonicZip.dll
Native extension for WindowsStandalone target not found
Native extension for Android target not found
Refreshing native plugins compatible for Editor in 0.82 ms, found 3 plugins.
Preloading 0 native plugins for Editor in 0.00 ms.
Mono: successfully reloaded assembly
- Completed reload, in  5.289 seconds
Domain Reload Profiling:
	ReloadAssembly (5292ms)
		BeginReloadAssembly (276ms)
			ExecutionOrderSort (0ms)
			DisableScriptedObjects (10ms)
			BackupInstance (0ms)
			ReleaseScriptingObjects (0ms)
			CreateAndSetChildDomain (70ms)
		EndReloadAssembly (4798ms)
			LoadAssemblies (323ms)
			RebuildTransferFunctionScriptingTraits (0ms)
			SetupTypeCache (1605ms)
			ReleaseScriptCaches (13ms)
			RebuildScriptCaches (296ms)
			SetupLoadedEditorAssemblies (2066ms)
				LogAssemblyErrors (0ms)
				InitializePlatformSupportModulesInManaged (180ms)
				SetLoadedEditorAssemblies (2ms)
				RefreshPlugins (1ms)
				BeforeProcessingInitializeOnLoad (228ms)
				ProcessInitializeOnLoadAttributes (1424ms)
				ProcessInitializeOnLoadMethodAttributes (193ms)
				AfterProcessingInitializeOnLoad (37ms)
				EditorAssembliesLoaded (0ms)
			ExecutionOrderSort2 (0ms)
			AwakeInstancesAfterBackupRestoration (36ms)
Platform modules already initialized, skipping
Refreshing native plugins compatible for Editor in 2.94 ms, found 3 plugins.
Preloading 0 native plugins for Editor in 0.00 ms.
Unloading 3493 Unused Serialized files (Serialized files now loaded: 0)
Unloading 32 unused Assets / (1.3 MB). Loaded Objects now: 4038.
Memory consumption went from 131.3 MB to 130.0 MB.
Total: 4.855100 ms (FindLiveObjects: 0.382100 ms CreateObjectMapping: 0.329000 ms MarkObjects: 3.334700 ms  DeleteObjects: 0.806600 ms)

AssetImportParameters requested are different than current active one (requested -> active):
  custom:video-decoder-ogg-theora: a1e56fd34408186e4bbccfd4996cb3dc -> 
  custom:container-muxer-webm: aa71ff27fc2769a1b78a27578f13a17b -> 
  custom:container-demuxer-webm: 4f35f7cbe854078d1ac9338744f61a02 -> 
  custom:video-encoder-webm-vp8: eb34c28f22e8b96e1ab97ce403110664 -> 
  custom:audio-encoder-webm-vorbis: bf7c407c2cedff20999df2af8eb42d56 -> 
  custom:framework-win-MediaFoundation: 216162199b28c13a410421893ffa2e32 -> 
  custom:container-demuxer-ogg: 62fdf1f143b41e24485cea50d1cbac27 -> 
  custom:video-decoder-webm-vp8: 9c59270c3fd7afecdb556c50c9e8de78 -> 
  custom:audio-decoder-ogg-vorbis: bf7c407c2cedff20999df2af8eb42d56 -> 
